<?xml version="1.0" encoding="UTF-8"?>
<!-- Generated by org.testng.reporters.JUnitReportReporter -->
<testsuite hostname="DESKTOP-I41HQ3G" failures="0" tests="5" name="test.day3" time="0.013" errors="0" timestamp="2024-08-22T21:40:29 SAST" skipped="1">
  <testcase classname="test.day3" name="LoginCarAPI" time="0.003"/>
  <system-out/>
  <testcase classname="test.day3" name="webCarlogin" time="0.002"/>
  <system-out/>
  <testcase classname="test.day3" name="mobileCarLogout" time="0.001"/>
  <system-out/>
  <testcase classname="test.day3" name="mobileCarLogin" time="0.007"/>
  <system-out/>
  <testcase classname="test.day3" name="mobileCarsignin">
    <skipped/>
  </testcase> <!-- mobileCarsignin -->
  <system-out/>
</testsuite> <!-- test.day3 -->
