<?xml version="1.0" encoding="UTF-8"?>
<!-- Generated by org.testng.reporters.JUnitReportReporter -->
<testsuite hostname="DESKTOP-I41HQ3G" failures="0" tests="1" name="test.day1" time="0.010" errors="0" timestamp="2024-08-22T21:40:29 SAST" skipped="0">
  <testcase classname="test.day1" name="Demo" time="0.010"/>
  <system-out/>
</testsuite> <!-- test.day1 -->
